** Message: 19:08:45.985: configModel.vala:297: Loading Config: "/home/kamisaki/.config/swaync/config.json"
** Message: 19:08:45.986: functions.vala:98: Loading CSS: "/etc/xdg/swaync/style.css"
** Message: 19:08:45.988: functions.vala:112: Loading CSS: "/home/kamisaki/.config/swaync/style.css"
** Message: 19:08:46.007: factory.vala:44: Loading widget: title
** Message: 19:08:46.008: factory.vala:44: Loading widget: dnd

** (swaync:190413): CRITICAL **: 19:08:46.023: sway_notification_center_widgets_mpris_mpris_player_update_album_art: assertion 'metadata != NULL' failed

** (swaync:190413): CRITICAL **: 19:08:46.023: sway_notification_center_widgets_mpris_mpris_player_update_title: assertion 'metadata != NULL' failed

** (swaync:190413): CRITICAL **: 19:08:46.023: sway_notification_center_widgets_mpris_mpris_player_update_sub_title: assertion 'metadata != NULL' failed

** (swaync:190413): CRITICAL **: 19:08:46.023: sway_notification_center_widgets_mpris_mpris_player_update_buttons: assertion 'metadata != NULL' failed
** Message: 19:08:46.023: factory.vala:44: Loading widget: mpris
** Message: 19:08:46.024: factory.vala:44: Loading widget: volume
** Message: 19:08:46.028: factory.vala:44: Loading widget: backlight
** Message: 19:08:48.242: configModel.vala:297: Loading Config: "/home/kamisaki/.config/swaync/config.json"
** Message: 19:08:48.243: functions.vala:98: Loading CSS: "/etc/xdg/swaync/style.css"
** Message: 19:08:48.247: functions.vala:112: Loading CSS: "/home/kamisaki/.config/swaync/style.css"
** Message: 19:08:48.257: factory.vala:44: Loading widget: title
** Message: 19:08:48.257: factory.vala:44: Loading widget: dnd

** (swaync:190461): CRITICAL **: 19:08:48.265: sway_notification_center_widgets_mpris_mpris_player_update_album_art: assertion 'metadata != NULL' failed

** (swaync:190461): CRITICAL **: 19:08:48.265: sway_notification_center_widgets_mpris_mpris_player_update_title: assertion 'metadata != NULL' failed

** (swaync:190461): CRITICAL **: 19:08:48.265: sway_notification_center_widgets_mpris_mpris_player_update_sub_title: assertion 'metadata != NULL' failed

** (swaync:190461): CRITICAL **: 19:08:48.265: sway_notification_center_widgets_mpris_mpris_player_update_buttons: assertion 'metadata != NULL' failed
** Message: 19:08:48.266: factory.vala:44: Loading widget: mpris
** Message: 19:08:48.266: factory.vala:44: Loading widget: volume
** Message: 19:08:48.270: factory.vala:44: Loading widget: backlight
** Message: 19:10:22.620: configModel.vala:297: Loading Config: "/home/kamisaki/.config/swaync/config.json"
** Message: 19:10:22.621: functions.vala:98: Loading CSS: "/etc/xdg/swaync/style.css"
** Message: 19:10:22.623: functions.vala:112: Loading CSS: "/home/kamisaki/.config/swaync/style.css"
** Message: 19:10:22.632: factory.vala:44: Loading widget: title
** Message: 19:10:22.632: factory.vala:44: Loading widget: dnd

** (swaync:190646): CRITICAL **: 19:10:22.642: sway_notification_center_widgets_mpris_mpris_player_update_album_art: assertion 'metadata != NULL' failed

** (swaync:190646): CRITICAL **: 19:10:22.642: sway_notification_center_widgets_mpris_mpris_player_update_title: assertion 'metadata != NULL' failed

** (swaync:190646): CRITICAL **: 19:10:22.642: sway_notification_center_widgets_mpris_mpris_player_update_sub_title: assertion 'metadata != NULL' failed

** (swaync:190646): CRITICAL **: 19:10:22.642: sway_notification_center_widgets_mpris_mpris_player_update_buttons: assertion 'metadata != NULL' failed
** Message: 19:10:22.642: factory.vala:44: Loading widget: mpris
** Message: 19:10:22.643: factory.vala:44: Loading widget: volume
** Message: 19:10:22.646: factory.vala:44: Loading widget: backlight
** Message: 19:10:37.938: configModel.vala:297: Loading Config: "/home/kamisaki/.config/swaync/config.json"
** Message: 19:10:37.940: functions.vala:98: Loading CSS: "/etc/xdg/swaync/style.css"
** Message: 19:10:37.943: functions.vala:112: Loading CSS: "/home/kamisaki/.config/swaync/style.css"
** Message: 19:10:37.952: factory.vala:44: Loading widget: title
** Message: 19:10:37.953: factory.vala:44: Loading widget: dnd

** (swaync:190787): CRITICAL **: 19:10:37.964: sway_notification_center_widgets_mpris_mpris_player_update_album_art: assertion 'metadata != NULL' failed

** (swaync:190787): CRITICAL **: 19:10:37.964: sway_notification_center_widgets_mpris_mpris_player_update_title: assertion 'metadata != NULL' failed

** (swaync:190787): CRITICAL **: 19:10:37.964: sway_notification_center_widgets_mpris_mpris_player_update_sub_title: assertion 'metadata != NULL' failed

** (swaync:190787): CRITICAL **: 19:10:37.964: sway_notification_center_widgets_mpris_mpris_player_update_buttons: assertion 'metadata != NULL' failed
** Message: 19:10:37.964: factory.vala:44: Loading widget: mpris
** Message: 19:10:37.965: factory.vala:44: Loading widget: volume
** Message: 19:10:37.970: factory.vala:44: Loading widget: backlight
** Message: 19:10:59.099: configModel.vala:297: Loading Config: "/home/kamisaki/.config/swaync/config.json"
** Message: 19:10:59.099: functions.vala:98: Loading CSS: "/etc/xdg/swaync/style.css"
** Message: 19:10:59.101: functions.vala:112: Loading CSS: "/home/kamisaki/.config/swaync/style.css"
** Message: 19:10:59.124: factory.vala:44: Loading widget: title
** Message: 19:10:59.125: factory.vala:44: Loading widget: dnd

** (swaync:190917): CRITICAL **: 19:10:59.142: sway_notification_center_widgets_mpris_mpris_player_update_album_art: assertion 'metadata != NULL' failed

** (swaync:190917): CRITICAL **: 19:10:59.142: sway_notification_center_widgets_mpris_mpris_player_update_title: assertion 'metadata != NULL' failed

** (swaync:190917): CRITICAL **: 19:10:59.142: sway_notification_center_widgets_mpris_mpris_player_update_sub_title: assertion 'metadata != NULL' failed

** (swaync:190917): CRITICAL **: 19:10:59.142: sway_notification_center_widgets_mpris_mpris_player_update_buttons: assertion 'metadata != NULL' failed
** Message: 19:10:59.142: factory.vala:44: Loading widget: mpris
** Message: 19:10:59.145: factory.vala:44: Loading widget: volume
** Message: 19:10:59.149: factory.vala:44: Loading widget: backlight
** Message: 19:12:07.063: configModel.vala:297: Loading Config: "/home/kamisaki/.config/swaync/config.json"
** Message: 19:12:07.064: functions.vala:98: Loading CSS: "/etc/xdg/swaync/style.css"
** Message: 19:12:07.067: functions.vala:112: Loading CSS: "/home/kamisaki/.config/swaync/style.css"
** Message: 19:12:07.078: factory.vala:44: Loading widget: title
** Message: 19:12:07.079: factory.vala:44: Loading widget: dnd

** (swaync:191096): CRITICAL **: 19:12:07.088: sway_notification_center_widgets_mpris_mpris_player_update_album_art: assertion 'metadata != NULL' failed

** (swaync:191096): CRITICAL **: 19:12:07.088: sway_notification_center_widgets_mpris_mpris_player_update_title: assertion 'metadata != NULL' failed

** (swaync:191096): CRITICAL **: 19:12:07.088: sway_notification_center_widgets_mpris_mpris_player_update_sub_title: assertion 'metadata != NULL' failed

** (swaync:191096): CRITICAL **: 19:12:07.088: sway_notification_center_widgets_mpris_mpris_player_update_buttons: assertion 'metadata != NULL' failed
** Message: 19:12:07.088: factory.vala:44: Loading widget: mpris
** Message: 19:12:07.089: factory.vala:44: Loading widget: volume
** Message: 19:12:07.092: factory.vala:44: Loading widget: backlight
** Message: 19:12:43.754: configModel.vala:297: Loading Config: "/home/kamisaki/.config/swaync/config.json"
** Message: 19:12:43.755: functions.vala:98: Loading CSS: "/etc/xdg/swaync/style.css"
** Message: 19:12:43.758: functions.vala:112: Loading CSS: "/home/kamisaki/.config/swaync/style.css"
** Message: 19:12:43.771: factory.vala:44: Loading widget: title
** Message: 19:12:43.772: factory.vala:44: Loading widget: dnd

** (swaync:191237): CRITICAL **: 19:12:43.781: sway_notification_center_widgets_mpris_mpris_player_update_album_art: assertion 'metadata != NULL' failed

** (swaync:191237): CRITICAL **: 19:12:43.781: sway_notification_center_widgets_mpris_mpris_player_update_title: assertion 'metadata != NULL' failed

** (swaync:191237): CRITICAL **: 19:12:43.781: sway_notification_center_widgets_mpris_mpris_player_update_sub_title: assertion 'metadata != NULL' failed

** (swaync:191237): CRITICAL **: 19:12:43.781: sway_notification_center_widgets_mpris_mpris_player_update_buttons: assertion 'metadata != NULL' failed
** Message: 19:12:43.782: factory.vala:44: Loading widget: mpris
** Message: 19:12:43.783: factory.vala:44: Loading widget: volume
** Message: 19:12:43.788: factory.vala:44: Loading widget: backlight
** Message: 19:13:01.089: configModel.vala:297: Loading Config: "/home/kamisaki/.config/swaync/config.json"
** Message: 19:13:01.091: functions.vala:98: Loading CSS: "/etc/xdg/swaync/style.css"
** Message: 19:13:01.093: functions.vala:112: Loading CSS: "/home/kamisaki/.config/swaync/style.css"
** Message: 19:13:01.103: factory.vala:44: Loading widget: title
** Message: 19:13:01.103: factory.vala:44: Loading widget: dnd

** (swaync:191376): CRITICAL **: 19:13:01.110: sway_notification_center_widgets_mpris_mpris_player_update_album_art: assertion 'metadata != NULL' failed

** (swaync:191376): CRITICAL **: 19:13:01.110: sway_notification_center_widgets_mpris_mpris_player_update_title: assertion 'metadata != NULL' failed

** (swaync:191376): CRITICAL **: 19:13:01.110: sway_notification_center_widgets_mpris_mpris_player_update_sub_title: assertion 'metadata != NULL' failed

** (swaync:191376): CRITICAL **: 19:13:01.110: sway_notification_center_widgets_mpris_mpris_player_update_buttons: assertion 'metadata != NULL' failed
** Message: 19:13:01.111: factory.vala:44: Loading widget: mpris
** Message: 19:13:01.112: factory.vala:44: Loading widget: volume
** Message: 19:13:01.118: factory.vala:44: Loading widget: backlight
** Message: 19:13:18.640: configModel.vala:297: Loading Config: "/home/kamisaki/.config/swaync/config.json"
** Message: 19:13:18.641: functions.vala:98: Loading CSS: "/etc/xdg/swaync/style.css"
** Message: 19:13:18.643: functions.vala:112: Loading CSS: "/home/kamisaki/.config/swaync/style.css"
** Message: 19:13:18.656: factory.vala:44: Loading widget: title
** Message: 19:13:18.657: factory.vala:44: Loading widget: dnd

** (swaync:191518): CRITICAL **: 19:13:18.664: sway_notification_center_widgets_mpris_mpris_player_update_album_art: assertion 'metadata != NULL' failed

** (swaync:191518): CRITICAL **: 19:13:18.664: sway_notification_center_widgets_mpris_mpris_player_update_title: assertion 'metadata != NULL' failed

** (swaync:191518): CRITICAL **: 19:13:18.664: sway_notification_center_widgets_mpris_mpris_player_update_sub_title: assertion 'metadata != NULL' failed

** (swaync:191518): CRITICAL **: 19:13:18.664: sway_notification_center_widgets_mpris_mpris_player_update_buttons: assertion 'metadata != NULL' failed
** Message: 19:13:18.664: factory.vala:44: Loading widget: mpris
** Message: 19:13:18.667: factory.vala:44: Loading widget: volume
** Message: 19:13:18.672: factory.vala:44: Loading widget: backlight
** Message: 19:13:31.992: configModel.vala:297: Loading Config: "/home/kamisaki/.config/swaync/config.json"
** Message: 19:13:31.993: functions.vala:98: Loading CSS: "/etc/xdg/swaync/style.css"
** Message: 19:13:31.995: functions.vala:112: Loading CSS: "/home/kamisaki/.config/swaync/style.css"
** Message: 19:13:32.009: factory.vala:44: Loading widget: title
** Message: 19:13:32.009: factory.vala:44: Loading widget: dnd

** (swaync:191647): CRITICAL **: 19:13:32.019: sway_notification_center_widgets_mpris_mpris_player_update_album_art: assertion 'metadata != NULL' failed

** (swaync:191647): CRITICAL **: 19:13:32.019: sway_notification_center_widgets_mpris_mpris_player_update_title: assertion 'metadata != NULL' failed

** (swaync:191647): CRITICAL **: 19:13:32.019: sway_notification_center_widgets_mpris_mpris_player_update_sub_title: assertion 'metadata != NULL' failed

** (swaync:191647): CRITICAL **: 19:13:32.019: sway_notification_center_widgets_mpris_mpris_player_update_buttons: assertion 'metadata != NULL' failed
** Message: 19:13:32.019: factory.vala:44: Loading widget: mpris
** Message: 19:13:32.021: factory.vala:44: Loading widget: volume
** Message: 19:13:32.026: factory.vala:44: Loading widget: backlight
** Message: 19:14:08.213: configModel.vala:297: Loading Config: "/home/kamisaki/.config/swaync/config.json"
** Message: 19:14:08.214: functions.vala:98: Loading CSS: "/etc/xdg/swaync/style.css"
** Message: 19:14:08.216: functions.vala:112: Loading CSS: "/home/kamisaki/.config/swaync/style.css"
** Message: 19:14:08.228: factory.vala:44: Loading widget: title
** Message: 19:14:08.229: factory.vala:44: Loading widget: dnd

** (swaync:191811): CRITICAL **: 19:14:08.238: sway_notification_center_widgets_mpris_mpris_player_update_album_art: assertion 'metadata != NULL' failed

** (swaync:191811): CRITICAL **: 19:14:08.238: sway_notification_center_widgets_mpris_mpris_player_update_title: assertion 'metadata != NULL' failed

** (swaync:191811): CRITICAL **: 19:14:08.238: sway_notification_center_widgets_mpris_mpris_player_update_sub_title: assertion 'metadata != NULL' failed

** (swaync:191811): CRITICAL **: 19:14:08.238: sway_notification_center_widgets_mpris_mpris_player_update_buttons: assertion 'metadata != NULL' failed
** Message: 19:14:08.238: factory.vala:44: Loading widget: mpris
** Message: 19:14:27.039: configModel.vala:297: Loading Config: "/home/kamisaki/.config/swaync/config.json"
** Message: 19:14:27.041: functions.vala:98: Loading CSS: "/etc/xdg/swaync/style.css"
** Message: 19:14:27.042: functions.vala:112: Loading CSS: "/home/kamisaki/.config/swaync/style.css"

** (swaync:191950): CRITICAL **: 19:14:27.064: sway_notification_center_widgets_mpris_mpris_player_update_album_art: assertion 'metadata != NULL' failed

** (swaync:191950): CRITICAL **: 19:14:27.065: sway_notification_center_widgets_mpris_mpris_player_update_title: assertion 'metadata != NULL' failed

** (swaync:191950): CRITICAL **: 19:14:27.065: sway_notification_center_widgets_mpris_mpris_player_update_sub_title: assertion 'metadata != NULL' failed

** (swaync:191950): CRITICAL **: 19:14:27.065: sway_notification_center_widgets_mpris_mpris_player_update_buttons: assertion 'metadata != NULL' failed
** Message: 19:14:27.065: factory.vala:44: Loading widget: mpris
Gdk-Message: 21:08:24.855: Error reading events from display: Broken pipe
