/usr/bin/yarn: line 3: /bin: Is a directory
/usr/bin/yarn: line 4: /bin: Is a directory
/usr/bin/yarn: line 5: use strict: command not found
/usr/bin/yarn: line 7: var: command not found
/usr/bin/yarn: line 8: syntax error near unexpected token `('
/usr/bin/yarn: line 8: `var majorVer = parseInt(ver.split('.')[0], 10);'
/usr/bin/yarn: line 3: /bin: Is a directory
/usr/bin/yarn: line 4: /bin: Is a directory
/usr/bin/yarn: line 5: use strict: command not found
/usr/bin/yarn: line 7: var: command not found
/usr/bin/yarn: line 8: syntax error near unexpected token `('
/usr/bin/yarn: line 8: `var majorVer = parseInt(ver.split('.')[0], 10);'
/usr/bin/yarn: line 3: /bin: Is a directory
/usr/bin/yarn: line 4: /bin: Is a directory
/usr/bin/yarn: line 5: use strict: command not found
/usr/bin/yarn: line 7: var: command not found
/usr/bin/yarn: line 8: syntax error near unexpected token `('
/usr/bin/yarn: line 8: `var majorVer = parseInt(ver.split('.')[0], 10);'
/usr/bin/yarn: line 3: /bin: Is a directory
/usr/bin/yarn: line 4: /bin: Is a directory
/usr/bin/yarn: line 5: use strict: command not found
/usr/bin/yarn: line 7: var: command not found
/usr/bin/yarn: line 8: syntax error near unexpected token `('
/usr/bin/yarn: line 8: `var majorVer = parseInt(ver.split('.')[0], 10);'
/usr/bin/yarn: line 3: /bin: Is a directory
/usr/bin/yarn: line 4: /bin: Is a directory
/usr/bin/yarn: line 5: use strict: command not found
/usr/bin/yarn: line 7: var: command not found
/usr/bin/yarn: line 8: syntax error near unexpected token `('
/usr/bin/yarn: line 8: `var majorVer = parseInt(ver.split('.')[0], 10);'
/usr/bin/yarn: line 3: /bin: Is a directory
/usr/bin/yarn: line 4: /bin: Is a directory
/usr/bin/yarn: line 5: use strict: command not found
/usr/bin/yarn: line 7: var: command not found
/usr/bin/yarn: line 8: syntax error near unexpected token `('
/usr/bin/yarn: line 8: `var majorVer = parseInt(ver.split('.')[0], 10);'
/usr/bin/yarn: line 3: /bin: Is a directory
/usr/bin/yarn: line 4: /bin: Is a directory
/usr/bin/yarn: line 5: use strict: command not found
/usr/bin/yarn: line 7: var: command not found
/usr/bin/yarn: line 8: syntax error near unexpected token `('
/usr/bin/yarn: line 8: `var majorVer = parseInt(ver.split('.')[0], 10);'
/usr/bin/yarn: line 3: /bin: Is a directory
/usr/bin/yarn: line 4: /bin: Is a directory
/usr/bin/yarn: line 5: use strict: command not found
/usr/bin/yarn: line 7: var: command not found
/usr/bin/yarn: line 8: syntax error near unexpected token `('
/usr/bin/yarn: line 8: `var majorVer = parseInt(ver.split('.')[0], 10);'
/usr/bin/yarn: line 3: /bin: Is a directory
/usr/bin/yarn: line 4: /bin: Is a directory
/usr/bin/yarn: line 5: use strict: command not found
/usr/bin/yarn: line 7: var: command not found
/usr/bin/yarn: line 8: syntax error near unexpected token `('
/usr/bin/yarn: line 8: `var majorVer = parseInt(ver.split('.')[0], 10);'
/usr/bin/yarn: line 3: /bin: Is a directory
/usr/bin/yarn: line 4: /bin: Is a directory
/usr/bin/yarn: line 5: use strict: command not found
/usr/bin/yarn: line 7: var: command not found
/usr/bin/yarn: line 8: syntax error near unexpected token `('
/usr/bin/yarn: line 8: `var majorVer = parseInt(ver.split('.')[0], 10);'
/usr/bin/yarn: line 3: /bin: Is a directory
/usr/bin/yarn: line 4: /bin: Is a directory
/usr/bin/yarn: line 5: use strict: command not found
/usr/bin/yarn: line 7: var: command not found
/usr/bin/yarn: line 8: syntax error near unexpected token `('
/usr/bin/yarn: line 8: `var majorVer = parseInt(ver.split('.')[0], 10);'
/usr/bin/yarn: line 3: /bin: Is a directory
/usr/bin/yarn: line 4: /bin: Is a directory
/usr/bin/yarn: line 5: use strict: command not found
/usr/bin/yarn: line 7: var: command not found
/usr/bin/yarn: line 8: syntax error near unexpected token `('
/usr/bin/yarn: line 8: `var majorVer = parseInt(ver.split('.')[0], 10);'
/usr/bin/yarn: line 3: /bin: Is a directory
/usr/bin/yarn: line 4: /bin: Is a directory
/usr/bin/yarn: line 5: use strict: command not found
/usr/bin/yarn: line 7: var: command not found
/usr/bin/yarn: line 8: syntax error near unexpected token `('
/usr/bin/yarn: line 8: `var majorVer = parseInt(ver.split('.')[0], 10);'
/usr/bin/yarn: line 3: /bin: Is a directory
/usr/bin/yarn: line 4: /bin: Is a directory
/usr/bin/yarn: line 5: use strict: command not found
/usr/bin/yarn: line 7: var: command not found
/usr/bin/yarn: line 8: syntax error near unexpected token `('
/usr/bin/yarn: line 8: `var majorVer = parseInt(ver.split('.')[0], 10);'
/usr/bin/yarn: line 3: /bin: Is a directory
/usr/bin/yarn: line 4: /bin: Is a directory
/usr/bin/yarn: line 5: use strict: command not found
/usr/bin/yarn: line 7: var: command not found
/usr/bin/yarn: line 8: syntax error near unexpected token `('
/usr/bin/yarn: line 8: `var majorVer = parseInt(ver.split('.')[0], 10);'
/usr/bin/yarn: line 3: /bin: Is a directory
/usr/bin/yarn: line 4: /bin: Is a directory
/usr/bin/yarn: line 5: use strict: command not found
/usr/bin/yarn: line 7: var: command not found
/usr/bin/yarn: line 8: syntax error near unexpected token `('
/usr/bin/yarn: line 8: `var majorVer = parseInt(ver.split('.')[0], 10);'
/usr/bin/npx: line 3: syntax error near unexpected token `('
/usr/bin/npx: line 3: `const cli = require('../lib/cli.js')'
/usr/bin/npx: line 3: syntax error near unexpected token `('
/usr/bin/npx: line 3: `const cli = require('../lib/cli.js')'
/usr/bin/npx: line 3: syntax error near unexpected token `('
/usr/bin/npx: line 3: `const cli = require('../lib/cli.js')'
/usr/bin/npx: line 3: syntax error near unexpected token `('
/usr/bin/npx: line 3: `const cli = require('../lib/cli.js')'
/usr/bin/npx: line 3: syntax error near unexpected token `('
/usr/bin/npx: line 3: `const cli = require('../lib/cli.js')'
/usr/bin/npx: line 3: syntax error near unexpected token `('
/usr/bin/npx: line 3: `const cli = require('../lib/cli.js')'
/usr/bin/npx: line 3: syntax error near unexpected token `('
/usr/bin/npx: line 3: `const cli = require('../lib/cli.js')'
/usr/bin/npx: line 3: syntax error near unexpected token `('
/usr/bin/npx: line 3: `const cli = require('../lib/cli.js')'
/usr/bin/npx: line 3: syntax error near unexpected token `('
/usr/bin/npx: line 3: `const cli = require('../lib/cli.js')'
/usr/bin/npx: line 3: syntax error near unexpected token `('
/usr/bin/npx: line 3: `const cli = require('../lib/cli.js')'
/usr/bin/npx: line 3: syntax error near unexpected token `('
/usr/bin/npx: line 3: `const cli = require('../lib/cli.js')'
/usr/bin/npx: line 3: syntax error near unexpected token `('
/usr/bin/npx: line 3: `const cli = require('../lib/cli.js')'
/usr/bin/npx: line 3: syntax error near unexpected token `('
/usr/bin/npx: line 3: `const cli = require('../lib/cli.js')'
/usr/bin/npx: line 3: syntax error near unexpected token `('
/usr/bin/npx: line 3: `const cli = require('../lib/cli.js')'
/usr/bin/npx: line 3: syntax error near unexpected token `('
/usr/bin/npx: line 3: `const cli = require('../lib/cli.js')'
/usr/bin/npx: line 3: syntax error near unexpected token `('
/usr/bin/npx: line 3: `const cli = require('../lib/cli.js')'
warning ../../../package.json: No license field
warning "eslint-config-next > @typescript-eslint/parser > @typescript-eslint/typescript-estree > ts-api-utils@1.0.3" has unmet peer dependency "typescript@>=4.2.0".
warning ../../../package.json: No license field
warning ../../../package.json: No license field
warning ../../../package.json: No license field
warning ../../../package.json: No license field
warning ../../../package.json: No license field
warning ../../../package.json: No license field
warning ../../../package.json: No license field
warning ../../../package.json: No license field
warning ../../../package.json: No license field
warning ../../../package.json: No license field
warning ../../../package.json: No license field
warning ../../../package.json: No license field
warning ../../../package.json: No license field
warning ../../../package.json: No license field
warning ../../../package.json: No license field
warning ../../../package.json: No license field
warning ../../../package.json: No license field
/usr/bin/yarn: line 3: /bin: Is a directory
/usr/bin/yarn: line 4: /bin: Is a directory
/usr/bin/yarn: line 5: use strict: command not found
/usr/bin/yarn: line 7: var: command not found
/usr/bin/yarn: line 8: syntax error near unexpected token `('
/usr/bin/yarn: line 8: `var majorVer = parseInt(ver.split('.')[0], 10);'
/usr/bin/yarn: line 3: /bin: Is a directory
/usr/bin/yarn: line 4: /bin: Is a directory
/usr/bin/yarn: line 5: use strict: command not found
/usr/bin/yarn: line 7: var: command not found
/usr/bin/yarn: line 8: syntax error near unexpected token `('
/usr/bin/yarn: line 8: `var majorVer = parseInt(ver.split('.')[0], 10);'
/usr/bin/yarn: line 3: /bin: Is a directory
/usr/bin/yarn: line 4: /bin: Is a directory
/usr/bin/yarn: line 5: use strict: command not found
/usr/bin/yarn: line 7: var: command not found
/usr/bin/yarn: line 8: syntax error near unexpected token `('
/usr/bin/yarn: line 8: `var majorVer = parseInt(ver.split('.')[0], 10);'
/usr/bin/yarn: line 3: /bin: Is a directory
/usr/bin/yarn: line 4: /bin: Is a directory
/usr/bin/yarn: line 5: use strict: command not found
/usr/bin/yarn: line 7: var: command not found
/usr/bin/yarn: line 8: syntax error near unexpected token `('
/usr/bin/yarn: line 8: `var majorVer = parseInt(ver.split('.')[0], 10);'
/usr/bin/yarn: line 3: /bin: Is a directory
/usr/bin/yarn: line 4: /bin: Is a directory
/usr/bin/yarn: line 5: use strict: command not found
/usr/bin/yarn: line 7: var: command not found
/usr/bin/yarn: line 8: syntax error near unexpected token `('
/usr/bin/yarn: line 8: `var majorVer = parseInt(ver.split('.')[0], 10);'
/usr/bin/yarn: line 3: /bin: Is a directory
/usr/bin/yarn: line 4: /bin: Is a directory
/usr/bin/yarn: line 5: use strict: command not found
/usr/bin/yarn: line 7: var: command not found
/usr/bin/yarn: line 8: syntax error near unexpected token `('
/usr/bin/yarn: line 8: `var majorVer = parseInt(ver.split('.')[0], 10);'
/usr/bin/yarn: line 3: /bin: Is a directory
/usr/bin/yarn: line 4: /bin: Is a directory
/usr/bin/yarn: line 5: use strict: command not found
/usr/bin/yarn: line 7: var: command not found
/usr/bin/yarn: line 8: syntax error near unexpected token `('
/usr/bin/yarn: line 8: `var majorVer = parseInt(ver.split('.')[0], 10);'
/usr/bin/yarn: line 3: /bin: Is a directory
/usr/bin/yarn: line 4: /bin: Is a directory
/usr/bin/yarn: line 5: use strict: command not found
/usr/bin/yarn: line 7: var: command not found
/usr/bin/yarn: line 8: syntax error near unexpected token `('
/usr/bin/yarn: line 8: `var majorVer = parseInt(ver.split('.')[0], 10);'
/usr/bin/yarn: line 3: /bin: Is a directory
/usr/bin/yarn: line 4: /bin: Is a directory
/usr/bin/yarn: line 5: use strict: command not found
/usr/bin/yarn: line 7: var: command not found
/usr/bin/yarn: line 8: syntax error near unexpected token `('
/usr/bin/yarn: line 8: `var majorVer = parseInt(ver.split('.')[0], 10);'
/usr/bin/yarn: line 3: /bin: Is a directory
/usr/bin/yarn: line 4: /bin: Is a directory
/usr/bin/yarn: line 5: use strict: command not found
/usr/bin/yarn: line 7: var: command not found
/usr/bin/yarn: line 8: syntax error near unexpected token `('
/usr/bin/yarn: line 8: `var majorVer = parseInt(ver.split('.')[0], 10);'
/usr/bin/yarn: line 3: /bin: Is a directory
/usr/bin/yarn: line 4: /bin: Is a directory
/usr/bin/yarn: line 5: use strict: command not found
/usr/bin/yarn: line 7: var: command not found
/usr/bin/yarn: line 8: syntax error near unexpected token `('
/usr/bin/yarn: line 8: `var majorVer = parseInt(ver.split('.')[0], 10);'
/usr/bin/yarn: line 3: /bin: Is a directory
/usr/bin/yarn: line 4: /bin: Is a directory
/usr/bin/yarn: line 5: use strict: command not found
/usr/bin/yarn: line 7: var: command not found
/usr/bin/yarn: line 8: syntax error near unexpected token `('
/usr/bin/yarn: line 8: `var majorVer = parseInt(ver.split('.')[0], 10);'
/usr/bin/yarn: line 3: /bin: Is a directory
/usr/bin/yarn: line 4: /bin: Is a directory
/usr/bin/yarn: line 5: use strict: command not found
/usr/bin/yarn: line 7: var: command not found
/usr/bin/yarn: line 8: syntax error near unexpected token `('
/usr/bin/yarn: line 8: `var majorVer = parseInt(ver.split('.')[0], 10);'
/usr/bin/yarn: line 3: /bin: Is a directory
/usr/bin/yarn: line 4: /bin: Is a directory
/usr/bin/yarn: line 5: use strict: command not found
/usr/bin/yarn: line 7: var: command not found
/usr/bin/yarn: line 8: syntax error near unexpected token `('
/usr/bin/yarn: line 8: `var majorVer = parseInt(ver.split('.')[0], 10);'
/usr/bin/yarn: line 3: /bin: Is a directory
/usr/bin/yarn: line 4: /bin: Is a directory
/usr/bin/yarn: line 5: use strict: command not found
/usr/bin/yarn: line 7: var: command not found
/usr/bin/yarn: line 8: syntax error near unexpected token `('
/usr/bin/yarn: line 8: `var majorVer = parseInt(ver.split('.')[0], 10);'
/usr/bin/yarn: line 3: /bin: Is a directory
/usr/bin/yarn: line 4: /bin: Is a directory
/usr/bin/yarn: line 5: use strict: command not found
/usr/bin/yarn: line 7: var: command not found
/usr/bin/yarn: line 8: syntax error near unexpected token `('
/usr/bin/yarn: line 8: `var majorVer = parseInt(ver.split('.')[0], 10);'
/usr/bin/yarn: line 3: /bin: Is a directory
/usr/bin/yarn: line 4: /bin: Is a directory
/usr/bin/yarn: line 5: use strict: command not found
/usr/bin/yarn: line 7: var: command not found
/usr/bin/yarn: line 8: syntax error near unexpected token `('
/usr/bin/yarn: line 8: `var majorVer = parseInt(ver.split('.')[0], 10);'
/usr/bin/yarn: line 3: /bin: Is a directory
/usr/bin/yarn: line 4: /bin: Is a directory
/usr/bin/yarn: line 5: use strict: command not found
/usr/bin/yarn: line 7: var: command not found
/usr/bin/yarn: line 8: syntax error near unexpected token `('
/usr/bin/yarn: line 8: `var majorVer = parseInt(ver.split('.')[0], 10);'
/usr/bin/yarn: line 3: /bin: Is a directory
/usr/bin/yarn: line 4: /bin: Is a directory
/usr/bin/yarn: line 5: use strict: command not found
/usr/bin/yarn: line 7: var: command not found
/usr/bin/yarn: line 8: syntax error near unexpected token `('
/usr/bin/yarn: line 8: `var majorVer = parseInt(ver.split('.')[0], 10);'
/usr/bin/yarn: line 3: /bin: Is a directory
/usr/bin/yarn: line 4: /bin: Is a directory
/usr/bin/yarn: line 5: use strict: command not found
/usr/bin/yarn: line 7: var: command not found
/usr/bin/yarn: line 8: syntax error near unexpected token `('
/usr/bin/yarn: line 8: `var majorVer = parseInt(ver.split('.')[0], 10);'
/usr/bin/yarn: line 3: /bin: Is a directory
/usr/bin/yarn: line 4: /bin: Is a directory
/usr/bin/yarn: line 5: use strict: command not found
/usr/bin/yarn: line 7: var: command not found
/usr/bin/yarn: line 8: syntax error near unexpected token `('
/usr/bin/yarn: line 8: `var majorVer = parseInt(ver.split('.')[0], 10);'
/usr/bin/yarn: line 3: /bin: Is a directory
/usr/bin/yarn: line 4: /bin: Is a directory
/usr/bin/yarn: line 5: use strict: command not found
/usr/bin/yarn: line 7: var: command not found
/usr/bin/yarn: line 8: syntax error near unexpected token `('
/usr/bin/yarn: line 8: `var majorVer = parseInt(ver.split('.')[0], 10);'
/usr/bin/yarn: line 3: /bin: Is a directory
/usr/bin/yarn: line 4: /bin: Is a directory
/usr/bin/yarn: line 5: use strict: command not found
/usr/bin/yarn: line 7: var: command not found
/usr/bin/yarn: line 8: syntax error near unexpected token `('
/usr/bin/yarn: line 8: `var majorVer = parseInt(ver.split('.')[0], 10);'
/usr/bin/yarn: line 3: /bin: Is a directory
/usr/bin/yarn: line 4: /bin: Is a directory
/usr/bin/yarn: line 5: use strict: command not found
/usr/bin/yarn: line 7: var: command not found
/usr/bin/yarn: line 8: syntax error near unexpected token `('
/usr/bin/yarn: line 8: `var majorVer = parseInt(ver.split('.')[0], 10);'
/usr/bin/yarn: line 3: /bin: Is a directory
/usr/bin/yarn: line 4: /bin: Is a directory
/usr/bin/yarn: line 5: use strict: command not found
/usr/bin/yarn: line 7: var: command not found
/usr/bin/yarn: line 8: syntax error near unexpected token `('
/usr/bin/yarn: line 8: `var majorVer = parseInt(ver.split('.')[0], 10);'
/usr/bin/yarn: line 3: /bin: Is a directory
/usr/bin/yarn: line 4: /bin: Is a directory
/usr/bin/yarn: line 5: use strict: command not found
/usr/bin/yarn: line 7: var: command not found
/usr/bin/yarn: line 8: syntax error near unexpected token `('
/usr/bin/yarn: line 8: `var majorVer = parseInt(ver.split('.')[0], 10);'
/usr/bin/yarn: line 3: /bin: Is a directory
/usr/bin/yarn: line 4: /bin: Is a directory
/usr/bin/yarn: line 5: use strict: command not found
/usr/bin/yarn: line 7: var: command not found
/usr/bin/yarn: line 8: syntax error near unexpected token `('
/usr/bin/yarn: line 8: `var majorVer = parseInt(ver.split('.')[0], 10);'
/usr/bin/yarn: line 3: /bin: Is a directory
/usr/bin/yarn: line 4: /bin: Is a directory
/usr/bin/yarn: line 5: use strict: command not found
/usr/bin/yarn: line 7: var: command not found
/usr/bin/yarn: line 8: syntax error near unexpected token `('
/usr/bin/yarn: line 8: `var majorVer = parseInt(ver.split('.')[0], 10);'
/usr/bin/yarn: line 3: /bin: Is a directory
/usr/bin/yarn: line 4: /bin: Is a directory
/usr/bin/yarn: line 5: use strict: command not found
/usr/bin/yarn: line 7: var: command not found
/usr/bin/yarn: line 8: syntax error near unexpected token `('
/usr/bin/yarn: line 8: `var majorVer = parseInt(ver.split('.')[0], 10);'
/usr/bin/yarn: line 3: /bin: Is a directory
/usr/bin/yarn: line 4: /bin: Is a directory
/usr/bin/yarn: line 5: use strict: command not found
/usr/bin/yarn: line 7: var: command not found
/usr/bin/yarn: line 8: syntax error near unexpected token `('
/usr/bin/yarn: line 8: `var majorVer = parseInt(ver.split('.')[0], 10);'
/usr/bin/yarn: line 3: /bin: Is a directory
/usr/bin/yarn: line 4: /bin: Is a directory
/usr/bin/yarn: line 5: use strict: command not found
/usr/bin/yarn: line 7: var: command not found
/usr/bin/yarn: line 8: syntax error near unexpected token `('
/usr/bin/yarn: line 8: `var majorVer = parseInt(ver.split('.')[0], 10);'
/usr/bin/yarn: line 3: /bin: Is a directory
/usr/bin/yarn: line 4: /bin: Is a directory
/usr/bin/yarn: line 5: use strict: command not found
/usr/bin/yarn: line 7: var: command not found
/usr/bin/yarn: line 8: syntax error near unexpected token `('
/usr/bin/yarn: line 8: `var majorVer = parseInt(ver.split('.')[0], 10);'
warning ../../../package.json: No license field
 ⚠ "next start" does not work with "output: standalone" configuration. Use "node .next/standalone/server.js" instead.
warning ../../../package.json: No license field
 ⚠ "next start" does not work with "output: standalone" configuration. Use "node .next/standalone/server.js" instead.
warning ../../../package.json: No license field
 ⚠ "next start" does not work with "output: standalone" configuration. Use "node .next/standalone/server.js" instead.
 ⚠ "next start" does not work with "output: standalone" configuration. Use "node .next/standalone/server.js" instead.
 ⚠ "next start" does not work with "output: standalone" configuration. Use "node .next/standalone/server.js" instead.
 ⚠ "next start" does not work with "output: standalone" configuration. Use "node .next/standalone/server.js" instead.
 ⚠ "next start" does not work with "output: standalone" configuration. Use "node .next/standalone/server.js" instead.
 ⚠ "next start" does not work with "output: standalone" configuration. Use "node .next/standalone/server.js" instead.
 ⚠ "next start" does not work with "output: standalone" configuration. Use "node .next/standalone/server.js" instead.
 ⚠ "next start" does not work with "output: standalone" configuration. Use "node .next/standalone/server.js" instead.
 ⚠ "next start" does not work with "output: standalone" configuration. Use "node .next/standalone/server.js" instead.
 ⚠ "next start" does not work with "output: standalone" configuration. Use "node .next/standalone/server.js" instead.
 ⚠ "next start" does not work with "output: standalone" configuration. Use "node .next/standalone/server.js" instead.
 ⚠ "next start" does not work with "output: standalone" configuration. Use "node .next/standalone/server.js" instead.
 ⚠ "next start" does not work with "output: standalone" configuration. Use "node .next/standalone/server.js" instead.
 ⚠ "next start" does not work with "output: standalone" configuration. Use "node .next/standalone/server.js" instead.
 ⚠ "next start" does not work with "output: standalone" configuration. Use "node .next/standalone/server.js" instead.
 ⚠ "next start" does not work with "output: standalone" configuration. Use "node .next/standalone/server.js" instead.
 ⚠ "next start" does not work with "output: standalone" configuration. Use "node .next/standalone/server.js" instead.
warning You don't appear to have an internet connection. Try the --offline flag to use the cache for registry queries.
 ⚠ "next start" does not work with "output: standalone" configuration. Use "node .next/standalone/server.js" instead.
 ⚠ "next start" does not work with "output: standalone" configuration. Use "node .next/standalone/server.js" instead.
warning You don't appear to have an internet connection. Try the --offline flag to use the cache for registry queries.
 ⚠ "next start" does not work with "output: standalone" configuration. Use "node .next/standalone/server.js" instead.
 ⚠ "next start" does not work with "output: standalone" configuration. Use "node .next/standalone/server.js" instead.
 ⚠ "next start" does not work with "output: standalone" configuration. Use "node .next/standalone/server.js" instead.
 ⚠ "next start" does not work with "output: standalone" configuration. Use "node .next/standalone/server.js" instead.
 ⚠ "next start" does not work with "output: standalone" configuration. Use "node .next/standalone/server.js" instead.
 ⚠ "next start" does not work with "output: standalone" configuration. Use "node .next/standalone/server.js" instead.
 ⚠ "next start" does not work with "output: standalone" configuration. Use "node .next/standalone/server.js" instead.
 ⚠ "next start" does not work with "output: standalone" configuration. Use "node .next/standalone/server.js" instead.
 ⚠ "next start" does not work with "output: standalone" configuration. Use "node .next/standalone/server.js" instead.
 ⚠ "next start" does not work with "output: standalone" configuration. Use "node .next/standalone/server.js" instead.
 ⚠ "next start" does not work with "output: standalone" configuration. Use "node .next/standalone/server.js" instead.
 ⚠ "next start" does not work with "output: standalone" configuration. Use "node .next/standalone/server.js" instead.
 ⚠ "next start" does not work with "output: standalone" configuration. Use "node .next/standalone/server.js" instead.
 ⚠ "next start" does not work with "output: standalone" configuration. Use "node .next/standalone/server.js" instead.
 ⚠ "next start" does not work with "output: standalone" configuration. Use "node .next/standalone/server.js" instead.
 ⚠ "next start" does not work with "output: standalone" configuration. Use "node .next/standalone/server.js" instead.
 ⚠ "next start" does not work with "output: standalone" configuration. Use "node .next/standalone/server.js" instead.
 ⚠ "next start" does not work with "output: standalone" configuration. Use "node .next/standalone/server.js" instead.
 ⚠ "next start" does not work with "output: standalone" configuration. Use "node .next/standalone/server.js" instead.
 ⚠ "next start" does not work with "output: standalone" configuration. Use "node .next/standalone/server.js" instead.
warning You don't appear to have an internet connection. Try the --offline flag to use the cache for registry queries.
 ⚠ "next start" does not work with "output: standalone" configuration. Use "node .next/standalone/server.js" instead.
warning You don't appear to have an internet connection. Try the --offline flag to use the cache for registry queries.
 ⚠ "next start" does not work with "output: standalone" configuration. Use "node .next/standalone/server.js" instead.
warning You don't appear to have an internet connection. Try the --offline flag to use the cache for registry queries.
 ⚠ "next start" does not work with "output: standalone" configuration. Use "node .next/standalone/server.js" instead.
 ⚠ "next start" does not work with "output: standalone" configuration. Use "node .next/standalone/server.js" instead.
 ⚠ "next start" does not work with "output: standalone" configuration. Use "node .next/standalone/server.js" instead.
 ⚠ "next start" does not work with "output: standalone" configuration. Use "node .next/standalone/server.js" instead.
 ⚠ "next start" does not work with "output: standalone" configuration. Use "node .next/standalone/server.js" instead.
 ⚠ "next start" does not work with "output: standalone" configuration. Use "node .next/standalone/server.js" instead.
 ⚠ "next start" does not work with "output: standalone" configuration. Use "node .next/standalone/server.js" instead.
warning You don't appear to have an internet connection. Try the --offline flag to use the cache for registry queries.
 ⚠ "next start" does not work with "output: standalone" configuration. Use "node .next/standalone/server.js" instead.
 ⚠ "next start" does not work with "output: standalone" configuration. Use "node .next/standalone/server.js" instead.
 ⚠ "next start" does not work with "output: standalone" configuration. Use "node .next/standalone/server.js" instead.
 ⚠ "next start" does not work with "output: standalone" configuration. Use "node .next/standalone/server.js" instead.
 ⚠ "next start" does not work with "output: standalone" configuration. Use "node .next/standalone/server.js" instead.
 ⚠ "next start" does not work with "output: standalone" configuration. Use "node .next/standalone/server.js" instead.
 ⚠ "next start" does not work with "output: standalone" configuration. Use "node .next/standalone/server.js" instead.
 ⚠ "next start" does not work with "output: standalone" configuration. Use "node .next/standalone/server.js" instead.
 ⚠ "next start" does not work with "output: standalone" configuration. Use "node .next/standalone/server.js" instead.
 ⚠ "next start" does not work with "output: standalone" configuration. Use "node .next/standalone/server.js" instead.
