yarn install v1.22.22
[1/4] Resolving packages...
[2/4] Fetching packages...
[3/4] Linking dependencies...
[4/4] Building fresh packages...
Done in 14.39s.
yarn install v1.22.22
[1/4] Resolving packages...
success Already up-to-date.
Done in 1.02s.
yarn install v1.22.22
[1/4] Resolving packages...
success Already up-to-date.
Done in 0.98s.
yarn install v1.22.22
[1/4] Resolving packages...
success Already up-to-date.
Done in 0.93s.
yarn install v1.22.22
[1/4] Resolving packages...
success Already up-to-date.
Done in 0.98s.
yarn install v1.22.22
[1/4] Resolving packages...
success Already up-to-date.
Done in 0.91s.
yarn install v1.22.22
[1/4] Resolving packages...
success Already up-to-date.
Done in 1.05s.
yarn install v1.22.22
[1/4] Resolving packages...
success Already up-to-date.
Done in 0.94s.
yarn install v1.22.22
[1/4] Resolving packages...
success Already up-to-date.
Done in 0.93s.
yarn install v1.22.22
[1/4] Resolving packages...
success Already up-to-date.
Done in 0.92s.
yarn install v1.22.22
[1/4] Resolving packages...
success Already up-to-date.
Done in 0.96s.
yarn install v1.22.22
[1/4] Resolving packages...
success Already up-to-date.
Done in 1.00s.
yarn install v1.22.22
[1/4] Resolving packages...
success Already up-to-date.
Done in 1.00s.
yarn install v1.22.22
[1/4] Resolving packages...
success Already up-to-date.
Done in 1.11s.
yarn install v1.22.22
[1/4] Resolving packages...
success Already up-to-date.
Done in 1.22s.
yarn install v1.22.22
[1/4] Resolving packages...
success Already up-to-date.
Done in 1.23s.
yarn install v1.22.22
[1/4] Resolving packages...
success Already up-to-date.
Done in 1.70s.
yarn install v1.22.22
[1/4] Resolving packages...
yarn run v1.22.22
$ next start
   ▲ Next.js 15.3.4
   - Local:        http://localhost:3000
   - Network:      http://192.168.1.68:3000

 ✓ Starting...
 ✓ Ready in 768ms
yarn run v1.22.22
$ next start
   ▲ Next.js 15.3.4
   - Local:        http://localhost:3000
   - Network:      http://192.168.1.68:3000

 ✓ Starting...
 ✓ Ready in 1058ms
yarn run v1.22.22
$ next start
   ▲ Next.js 15.3.4
   - Local:        http://localhost:3000
   - Network:      http://192.168.1.68:3000

 ✓ Starting...
 ✓ Ready in 682ms
yarn run v1.22.22
$ next start
   ▲ Next.js 15.3.4
   - Local:        http://localhost:3000
   - Network:      http://192.168.1.68:3000

 ✓ Starting...
 ✓ Ready in 769ms
yarn run v1.22.22
$ next start
   ▲ Next.js 15.3.4
   - Local:        http://localhost:3000
   - Network:      http://192.168.1.68:3000

 ✓ Starting...
 ✓ Ready in 843ms
yarn run v1.22.22
$ next start
   ▲ Next.js 15.3.4
   - Local:        http://localhost:3000
   - Network:      http://192.168.1.68:3000

 ✓ Starting...
 ✓ Ready in 872ms
yarn run v1.22.22
$ next start
   ▲ Next.js 15.3.4
   - Local:        http://localhost:3000
   - Network:      http://192.168.1.68:3000

 ✓ Starting...
 ✓ Ready in 823ms
yarn run v1.22.22
$ next start
   ▲ Next.js 15.3.4
   - Local:        http://localhost:3000
   - Network:      http://192.168.1.68:3000

 ✓ Starting...
 ✓ Ready in 988ms
yarn run v1.22.22
$ next start
   ▲ Next.js 15.3.4
   - Local:        http://localhost:3000
   - Network:      http://192.168.1.68:3000

 ✓ Starting...
 ✓ Ready in 1090ms
yarn run v1.22.22
$ next start
   ▲ Next.js 15.3.4
   - Local:        http://localhost:3000
   - Network:      http://192.168.1.68:3000

 ✓ Starting...
 ✓ Ready in 923ms
yarn run v1.22.22
$ next start
   ▲ Next.js 15.3.4
   - Local:        http://localhost:3000
   - Network:      http://192.168.1.68:3000

 ✓ Starting...
 ✓ Ready in 809ms
yarn run v1.22.22
$ next start
   ▲ Next.js 15.3.4
   - Local:        http://localhost:3000
   - Network:      http://192.168.1.68:3000

 ✓ Starting...
 ✓ Ready in 1256ms
yarn run v1.22.22
$ next start
   ▲ Next.js 15.3.4
   - Local:        http://localhost:3000
   - Network:      http://192.168.1.68:3000

 ✓ Starting...
 ✓ Ready in 790ms
yarn run v1.22.22
$ next start
   ▲ Next.js 15.3.4
   - Local:        http://localhost:3000
   - Network:      http://192.168.1.68:3000

 ✓ Starting...
 ✓ Ready in 990ms
yarn run v1.22.22
$ next start
   ▲ Next.js 15.3.4
   - Local:        http://localhost:3000
   - Network:      http://192.168.1.68:3000

 ✓ Starting...
 ✓ Ready in 1054ms
yarn run v1.22.22
$ next start
   ▲ Next.js 15.3.4
   - Local:        http://localhost:3000
   - Network:      http://192.168.1.68:3000

 ✓ Starting...
 ✓ Ready in 1012ms
yarn run v1.22.22
$ next start
   ▲ Next.js 15.3.4
   - Local:        http://localhost:3000
   - Network:      http://192.168.1.68:3000

 ✓ Starting...
 ✓ Ready in 1053ms
yarn run v1.22.22
$ next start
   ▲ Next.js 15.3.4
   - Local:        http://localhost:3000
   - Network:      http://192.168.1.68:3000

 ✓ Starting...
 ✓ Ready in 1337ms
yarn run v1.22.22
$ next start
   ▲ Next.js 15.3.4
   - Local:        http://localhost:3000
   - Network:      http://192.168.1.68:3000

 ✓ Starting...
 ✓ Ready in 1339ms
yarn run v1.22.22
$ next start
   ▲ Next.js 15.3.4
   - Local:        http://localhost:3000

 ✓ Starting...
 ✓ Ready in 965ms
yarn run v1.22.22
$ next start
   ▲ Next.js 15.3.4
   - Local:        http://localhost:3000
   - Network:      http://192.168.1.68:3000

 ✓ Starting...
 ✓ Ready in 955ms
yarn run v1.22.22
$ next start
   ▲ Next.js 15.3.4
   - Local:        http://localhost:3000

 ✓ Starting...
 ✓ Ready in 1171ms
yarn run v1.22.22
$ next start
   ▲ Next.js 15.3.4
   - Local:        http://localhost:3000
   - Network:      http://192.168.1.68:3000

 ✓ Starting...
 ✓ Ready in 1762ms
yarn run v1.22.22
$ next start
   ▲ Next.js 15.3.4
   - Local:        http://localhost:3000
   - Network:      http://192.168.1.68:3000

 ✓ Starting...
 ✓ Ready in 920ms
yarn run v1.22.22
$ next start
   ▲ Next.js 15.3.4
   - Local:        http://localhost:3000
   - Network:      http://192.168.1.68:3000

 ✓ Starting...
 ✓ Ready in 1029ms
yarn run v1.22.22
$ next start
   ▲ Next.js 15.3.4
   - Local:        http://localhost:3000
   - Network:      http://192.168.1.68:3000

 ✓ Starting...
 ✓ Ready in 769ms
yarn run v1.22.22
$ next start
   ▲ Next.js 15.3.4
   - Local:        http://localhost:3000
   - Network:      http://192.168.1.68:3000

 ✓ Starting...
 ✓ Ready in 1011ms
yarn run v1.22.22
$ next start
   ▲ Next.js 15.3.4
   - Local:        http://localhost:3000
   - Network:      http://192.168.1.68:3000

 ✓ Starting...
 ✓ Ready in 838ms
yarn run v1.22.22
$ next start
   ▲ Next.js 15.3.4
   - Local:        http://localhost:3000
   - Network:      http://192.168.1.68:3000

 ✓ Starting...
 ✓ Ready in 792ms
yarn run v1.22.22
$ next start
   ▲ Next.js 15.3.4
   - Local:        http://localhost:3000
   - Network:      http://192.168.1.68:3000

 ✓ Starting...
 ✓ Ready in 835ms
yarn run v1.22.22
$ next start
   ▲ Next.js 15.3.4
   - Local:        http://localhost:3000
   - Network:      http://192.168.1.68:3000

 ✓ Starting...
 ✓ Ready in 784ms
yarn run v1.22.22
$ next start
   ▲ Next.js 15.3.4
   - Local:        http://localhost:3000
   - Network:      http://192.168.1.68:3000

 ✓ Starting...
 ✓ Ready in 796ms
yarn run v1.22.22
$ next start
   ▲ Next.js 15.3.4
   - Local:        http://localhost:3000
   - Network:      http://192.168.1.68:3000

 ✓ Starting...
 ✓ Ready in 841ms
yarn run v1.22.22
$ next start
   ▲ Next.js 15.3.4
   - Local:        http://localhost:3000
   - Network:      http://192.168.1.68:3000

 ✓ Starting...
 ✓ Ready in 912ms
yarn run v1.22.22
$ next start
   ▲ Next.js 15.3.4
   - Local:        http://localhost:3000
   - Network:      http://192.168.1.68:3000

 ✓ Starting...
 ✓ Ready in 946ms
yarn run v1.22.22
$ next start
   ▲ Next.js 15.3.4
   - Local:        http://localhost:3000
   - Network:      http://192.168.1.68:3000

 ✓ Starting...
 ✓ Ready in 1016ms
yarn run v1.22.22
$ next start
   ▲ Next.js 15.3.4
   - Local:        http://localhost:3000
   - Network:      http://192.168.1.68:3000

 ✓ Starting...
 ✓ Ready in 820ms
yarn run v1.22.22
$ next start
   ▲ Next.js 15.3.4
   - Local:        http://localhost:3000
   - Network:      http://192.168.1.68:3000

 ✓ Starting...
 ✓ Ready in 912ms
yarn run v1.22.22
$ next start
   ▲ Next.js 15.3.4
   - Local:        http://localhost:3000
   - Network:      http://192.168.1.68:3000

 ✓ Starting...
 ✓ Ready in 797ms
yarn run v1.22.22
$ next start
   ▲ Next.js 15.3.4
   - Local:        http://localhost:3000
   - Network:      http://192.168.1.68:3000

 ✓ Starting...
 ✓ Ready in 786ms
yarn run v1.22.22
$ next start
   ▲ Next.js 15.3.4
   - Local:        http://localhost:3000
   - Network:      http://192.168.1.68:3000

 ✓ Starting...
 ✓ Ready in 855ms
yarn run v1.22.22
$ next start
   ▲ Next.js 15.3.4
   - Local:        http://localhost:3000

 ✓ Starting...
 ✓ Ready in 1310ms
yarn run v1.22.22
$ next start
   ▲ Next.js 15.3.4
   - Local:        http://localhost:3000
   - Network:      http://192.168.1.68:3000

 ✓ Starting...
 ✓ Ready in 1788ms
yarn run v1.22.22
$ next start
   ▲ Next.js 15.3.4
   - Local:        http://localhost:3000

 ✓ Starting...
 ✓ Ready in 1537ms
yarn run v1.22.22
$ next start
   ▲ Next.js 15.3.4
   - Local:        http://localhost:3000
   - Network:      http://192.168.1.68:3000

 ✓ Starting...
 ✓ Ready in 881ms
yarn run v1.22.22
$ next start
   ▲ Next.js 15.3.4
   - Local:        http://localhost:3000
   - Network:      http://192.168.1.68:3000

 ✓ Starting...
 ✓ Ready in 841ms
yarn run v1.22.22
$ next start
   ▲ Next.js 15.3.4
   - Local:        http://localhost:3000
   - Network:      http://192.168.1.68:3000

 ✓ Starting...
 ✓ Ready in 884ms
yarn run v1.22.22
$ next start
   ▲ Next.js 15.3.4
   - Local:        http://localhost:3000
   - Network:      http://192.168.1.68:3000

 ✓ Starting...
 ✓ Ready in 1017ms
yarn run v1.22.22
$ next start
   ▲ Next.js 15.3.4
   - Local:        http://localhost:3000
   - Network:      http://192.168.1.68:3000

 ✓ Starting...
 ✓ Ready in 967ms
yarn run v1.22.22
$ next start
   ▲ Next.js 15.3.4
   - Local:        http://localhost:3000
   - Network:      http://192.168.1.68:3000

 ✓ Starting...
 ✓ Ready in 982ms
yarn run v1.22.22
$ next start
   ▲ Next.js 15.3.4
   - Local:        http://localhost:3000

 ✓ Starting...
 ✓ Ready in 1106ms
yarn run v1.22.22
$ next start
   ▲ Next.js 15.3.4
   - Local:        http://localhost:3000
   - Network:      http://192.168.1.68:3000

 ✓ Starting...
 ✓ Ready in 777ms
yarn run v1.22.22
$ next start
   ▲ Next.js 15.3.4
   - Local:        http://localhost:3000
   - Network:      http://192.168.1.68:3000

 ✓ Starting...
 ✓ Ready in 794ms
yarn run v1.22.22
$ next start
   ▲ Next.js 15.3.4
   - Local:        http://localhost:3000
   - Network:      http://192.168.1.68:3000

 ✓ Starting...
 ✓ Ready in 905ms
yarn run v1.22.22
$ next start
   ▲ Next.js 15.3.4
   - Local:        http://localhost:3000
   - Network:      http://192.168.1.68:3000

 ✓ Starting...
 ✓ Ready in 844ms
yarn run v1.22.22
$ next start
   ▲ Next.js 15.3.4
   - Local:        http://localhost:3000
   - Network:      http://192.168.1.68:3000

 ✓ Starting...
 ✓ Ready in 926ms
yarn run v1.22.22
$ next start
   ▲ Next.js 15.3.4
   - Local:        http://localhost:3000
   - Network:      http://192.168.1.68:3000

 ✓ Starting...
 ✓ Ready in 818ms
yarn run v1.22.22
$ next start
   ▲ Next.js 15.3.4
   - Local:        http://localhost:3000
   - Network:      http://192.168.1.68:3000

 ✓ Starting...
 ✓ Ready in 1022ms
yarn run v1.22.22
$ next start
   ▲ Next.js 15.3.4
   - Local:        http://localhost:3000
   - Network:      http://192.168.1.68:3000

 ✓ Starting...
 ✓ Ready in 866ms
yarn run v1.22.22
$ next start
   ▲ Next.js 15.3.4
   - Local:        http://localhost:3000
   - Network:      http://192.168.1.68:3000

 ✓ Starting...
 ✓ Ready in 1013ms
