yarn run v1.22.22
$ next start
   ▲ Next.js 15.3.4
   - Local:        http://localhost:3000
   - Network:      http://192.168.1.68:3000

 ✓ Starting...
 ✓ Ready in 904ms
yarn run v1.22.22
$ next start
   ▲ Next.js 15.3.4
   - Local:        http://localhost:3000
   - Network:      http://192.168.1.68:3000

 ✓ Starting...
 ✓ Ready in 1767ms
yarn run v1.22.22
$ next start
   ▲ Next.js 15.3.4
   - Local:        http://localhost:3000
   - Network:      http://192.168.1.68:3000

 ✓ Starting...
 ✓ Ready in 694ms
yarn run v1.22.22
$ next start
   ▲ Next.js 15.3.4
   - Local:        http://localhost:3000
   - Network:      http://192.168.1.68:3000

 ✓ Starting...
 ✓ Ready in 938ms
yarn run v1.22.22
info Visit https://yarnpkg.com/en/docs/cli/run for documentation about this command.
yarn run v1.22.22
info Visit https://yarnpkg.com/en/docs/cli/run for documentation about this command.
