 ⚠ "next start" does not work with "output: standalone" configuration. Use "node .next/standalone/server.js" instead.
error Couldn't find a package.json file in "/home/kamisaki"
 ⚠ "next start" does not work with "output: standalone" configuration. Use "node .next/standalone/server.js" instead.
 ⨯ Failed to start server
Error: listen EADDRINUSE: address already in use :::3000
    at <unknown> (Error: listen EADDRINUSE: address already in use :::3000)
    at new Promise (<anonymous>) {
  code: 'EADDRINUSE',
  errno: -98,
  syscall: 'listen',
  address: '::',
  port: 3000
}
error Command failed with exit code 1.
 ⚠ "next start" does not work with "output: standalone" configuration. Use "node .next/standalone/server.js" instead.
[Error: Could not find a production build in the '.next' directory. Try building your app with 'next build' before starting the production server. https://nextjs.org/docs/messages/production-start-no-build-id]
error Command failed with exit code 1.
[Error: Could not find a production build in the '.next' directory. Try building your app with 'next build' before starting the production server. https://nextjs.org/docs/messages/production-start-no-build-id]
error Command failed with exit code 1.
 ⚠ "next start" does not work with "output: standalone" configuration. Use "node .next/standalone/server.js" instead.
API response for /api/getData?file=assets/wallpaper.png exceeds 4MB. API Routes are meant to respond quickly. https://nextjs.org/docs/messages/api-routes-response-size-limit
API response for /api/getData?file=assets/wallpaper.png exceeds 4MB. API Routes are meant to respond quickly. https://nextjs.org/docs/messages/api-routes-response-size-limit
 ⚠ "next start" does not work with "output: standalone" configuration. Use "node .next/standalone/server.js" instead.
API response for /api/getData?file=assets/wallpaper.png exceeds 4MB. API Routes are meant to respond quickly. https://nextjs.org/docs/messages/api-routes-response-size-limit
API response for /api/getData?file=assets/wallpaper.png exceeds 4MB. API Routes are meant to respond quickly. https://nextjs.org/docs/messages/api-routes-response-size-limit
 ⚠ "next start" does not work with "output: standalone" configuration. Use "node .next/standalone/server.js" instead.
API response for /api/getData?file=assets/wallpaper.png exceeds 4MB. API Routes are meant to respond quickly. https://nextjs.org/docs/messages/api-routes-response-size-limit
API response for /api/getData?file=assets/wallpaper.png exceeds 4MB. API Routes are meant to respond quickly. https://nextjs.org/docs/messages/api-routes-response-size-limit
API response for /api/getData?file=assets/wallpaper.png exceeds 4MB. API Routes are meant to respond quickly. https://nextjs.org/docs/messages/api-routes-response-size-limit
 ⚠ "next start" does not work with "output: standalone" configuration. Use "node .next/standalone/server.js" instead.
 ⚠ "next start" does not work with "output: standalone" configuration. Use "node .next/standalone/server.js" instead.
 ⚠ "next start" does not work with "output: standalone" configuration. Use "node .next/standalone/server.js" instead.
API response for /api/getData?file=assets/wallpaper.png exceeds 4MB. API Routes are meant to respond quickly. https://nextjs.org/docs/messages/api-routes-response-size-limit
API response for /api/getData?file=assets/wallpaper.png exceeds 4MB. API Routes are meant to respond quickly. https://nextjs.org/docs/messages/api-routes-response-size-limit
API response for /api/getData?file=assets/wallpaper.png exceeds 4MB. API Routes are meant to respond quickly. https://nextjs.org/docs/messages/api-routes-response-size-limit
 ⚠ "next start" does not work with "output: standalone" configuration. Use "node .next/standalone/server.js" instead.
API response for /api/getData?file=assets/wallpaper.png exceeds 4MB. API Routes are meant to respond quickly. https://nextjs.org/docs/messages/api-routes-response-size-limit
API response for /api/getData?file=assets/wallpaper.png exceeds 4MB. API Routes are meant to respond quickly. https://nextjs.org/docs/messages/api-routes-response-size-limit
API response for /api/getData?file=assets/wallpaper.png exceeds 4MB. API Routes are meant to respond quickly. https://nextjs.org/docs/messages/api-routes-response-size-limit
API response for /api/getData?file=assets/wallpaper.png exceeds 4MB. API Routes are meant to respond quickly. https://nextjs.org/docs/messages/api-routes-response-size-limit
API response for /api/getData?file=assets/wallpaper.png exceeds 4MB. API Routes are meant to respond quickly. https://nextjs.org/docs/messages/api-routes-response-size-limit
API response for /api/getData?file=assets/wallpaper.png exceeds 4MB. API Routes are meant to respond quickly. https://nextjs.org/docs/messages/api-routes-response-size-limit
API response for /api/getData?file=assets/wallpaper.png exceeds 4MB. API Routes are meant to respond quickly. https://nextjs.org/docs/messages/api-routes-response-size-limit
