yarn run v1.22.22
$ next start
   ▲ Next.js 15.3.4
   - Local:        http://localhost:3000
   - Network:      http://192.168.1.68:3000

 ✓ Starting...
 ✓ Ready in 852ms
yarn run v1.22.22
info Visit https://yarnpkg.com/en/docs/cli/run for documentation about this command.
yarn run v1.22.22
$ next start
   ▲ Next.js 15.3.4
   - Local:        http://localhost:3000
   - Network:      http://192.168.1.68:3000

 ✓ Starting...
 ✓ Ready in 919ms
yarn run v1.22.22
$ next start
info Visit https://yarnpkg.com/en/docs/cli/run for documentation about this command.
yarn run v1.22.22
$ next start
   ▲ Next.js 15.3.4
   - Local:        http://localhost:3000
   - Network:      http://192.168.1.68:3000

 ✓ Starting...
 ✓ Ready in 920ms
yarn run v1.22.22
$ next start
   ▲ Next.js 15.3.4
   - Local:        http://localhost:3000
   - Network:      http://192.168.1.68:3000

 ✓ Starting...
info Visit https://yarnpkg.com/en/docs/cli/run for documentation about this command.
yarn run v1.22.22
$ next start
   ▲ Next.js 15.3.4
   - Local:        http://localhost:3000
   - Network:      http://192.168.1.68:3000

 ✓ Starting...
info Visit https://yarnpkg.com/en/docs/cli/run for documentation about this command.
yarn run v1.22.22
$ next start
   ▲ Next.js 15.3.4
   - Local:        http://localhost:3000
   - Network:      http://192.168.1.68:3000

 ✓ Starting...
 ✓ Ready in 980ms
yarn run v1.22.22
$ next start
   ▲ Next.js 15.3.4
   - Local:        http://localhost:3000
   - Network:      http://192.168.1.68:3000

 ✓ Starting...
 ✓ Ready in 1015ms
yarn run v1.22.22
$ next start
   ▲ Next.js 15.3.4
   - Local:        http://localhost:3000
   - Network:      http://192.168.1.68:3000

 ✓ Starting...
 ✓ Ready in 976ms
yarn run v1.22.22
$ next start
   ▲ Next.js 15.3.4
   - Local:        http://localhost:3000
   - Network:      http://192.168.1.68:3000

 ✓ Starting...
 ✓ Ready in 1142ms
yarn run v1.22.22
$ next start
   ▲ Next.js 15.3.4
   - Local:        http://localhost:3000
   - Network:      http://192.168.1.68:3000

 ✓ Starting...
 ✓ Ready in 943ms
yarn run v1.22.22
$ next start
   ▲ Next.js 15.3.4
   - Local:        http://localhost:3000
   - Network:      http://192.168.1.68:3000

 ✓ Starting...
yarn run v1.22.22
$ next start
   ▲ Next.js 15.3.4
   - Local:        http://localhost:3000
   - Network:      http://192.168.1.68:3000

 ✓ Starting...
 ✓ Ready in 835ms
yarn run v1.22.22
$ next start
   ▲ Next.js 15.3.4
   - Local:        http://localhost:3000
   - Network:      http://192.168.1.68:3000

 ✓ Starting...
 ✓ Ready in 1002ms
